{"C:\\Users\\ophpe\\Documents\\ada\\Projets\\ada-projet-lovelace-family\\back\\src\\controllers\\tasksControllers.js": {"path":"C:\\Users\\ophpe\\Documents\\ada\\Projets\\ada-projet-lovelace-family\\back\\src\\controllers\\tasksControllers.js","statementMap":{"0":{"start":{"line":10,"column":2},"end":{"line":44,"column":3}},"1":{"start":{"line":11,"column":54},"end":{"line":11,"column":62}},"2":{"start":{"line":15,"column":4},"end":{"line":17,"column":5}},"3":{"start":{"line":16,"column":6},"end":{"line":16,"column":76}},"4":{"start":{"line":19,"column":4},"end":{"line":21,"column":5}},"5":{"start":{"line":20,"column":6},"end":{"line":20,"column":64}},"6":{"start":{"line":23,"column":27},"end":{"line":23,"column":45}},"7":{"start":{"line":24,"column":4},"end":{"line":28,"column":5}},"8":{"start":{"line":25,"column":6},"end":{"line":27,"column":8}},"9":{"start":{"line":30,"column":4},"end":{"line":34,"column":5}},"10":{"start":{"line":31,"column":6},"end":{"line":33,"column":8}},"11":{"start":{"line":35,"column":23},"end":{"line":40,"column":5}},"12":{"start":{"line":41,"column":4},"end":{"line":41,"column":37}},"13":{"start":{"line":43,"column":4},"end":{"line":43,"column":51}},"14":{"start":{"line":47,"column":29},"end":{"line":105,"column":1}},"15":{"start":{"line":48,"column":2},"end":{"line":104,"column":3}},"16":{"start":{"line":49,"column":19},"end":{"line":49,"column":29}},"17":{"start":{"line":51,"column":4},"end":{"line":55,"column":5}},"18":{"start":{"line":52,"column":6},"end":{"line":54,"column":73}},"19":{"start":{"line":56,"column":59},"end":{"line":56,"column":67}},"20":{"start":{"line":58,"column":4},"end":{"line":60,"column":5}},"21":{"start":{"line":59,"column":6},"end":{"line":59,"column":80}},"22":{"start":{"line":62,"column":4},"end":{"line":66,"column":5}},"23":{"start":{"line":63,"column":6},"end":{"line":65,"column":64}},"24":{"start":{"line":68,"column":4},"end":{"line":70,"column":5}},"25":{"start":{"line":69,"column":6},"end":{"line":69,"column":71}},"26":{"start":{"line":72,"column":26},"end":{"line":72,"column":48}},"27":{"start":{"line":73,"column":4},"end":{"line":77,"column":5}},"28":{"start":{"line":74,"column":6},"end":{"line":76,"column":67}},"29":{"start":{"line":79,"column":4},"end":{"line":83,"column":5}},"30":{"start":{"line":80,"column":6},"end":{"line":82,"column":71}},"31":{"start":{"line":85,"column":4},"end":{"line":89,"column":5}},"32":{"start":{"line":86,"column":6},"end":{"line":88,"column":78}},"33":{"start":{"line":91,"column":17},"end":{"line":97,"column":6}},"34":{"start":{"line":99,"column":4},"end":{"line":99,"column":31}},"35":{"start":{"line":102,"column":23},"end":{"line":102,"column":46}},"36":{"start":{"line":103,"column":4},"end":{"line":103,"column":58}},"37":{"start":{"line":109,"column":2},"end":{"line":114,"column":3}},"38":{"start":{"line":110,"column":18},"end":{"line":110,"column":44}},"39":{"start":{"line":111,"column":4},"end":{"line":111,"column":32}},"40":{"start":{"line":113,"column":4},"end":{"line":113,"column":61}},"41":{"start":{"line":118,"column":25},"end":{"line":118,"column":35}},"42":{"start":{"line":120,"column":2},"end":{"line":124,"column":3}},"43":{"start":{"line":121,"column":4},"end":{"line":123,"column":76}},"44":{"start":{"line":125,"column":2},"end":{"line":132,"column":3}},"45":{"start":{"line":126,"column":24},"end":{"line":126,"column":59}},"46":{"start":{"line":127,"column":4},"end":{"line":127,"column":38}},"47":{"start":{"line":129,"column":4},"end":{"line":131,"column":7}},"48":{"start":{"line":135,"column":29},"end":{"line":149,"column":1}},"49":{"start":{"line":136,"column":2},"end":{"line":148,"column":3}},"50":{"start":{"line":137,"column":19},"end":{"line":137,"column":29}},"51":{"start":{"line":138,"column":4},"end":{"line":140,"column":5}},"52":{"start":{"line":139,"column":6},"end":{"line":139,"column":75}},"53":{"start":{"line":141,"column":17},"end":{"line":141,"column":44}},"54":{"start":{"line":142,"column":4},"end":{"line":144,"column":5}},"55":{"start":{"line":143,"column":6},"end":{"line":143,"column":73}},"56":{"start":{"line":145,"column":4},"end":{"line":145,"column":34}},"57":{"start":{"line":147,"column":4},"end":{"line":147,"column":67}}},"fnMap":{"0":{"name":"createTaskController","decl":{"start":{"line":9,"column":15},"end":{"line":9,"column":35}},"loc":{"start":{"line":9,"column":46},"end":{"line":45,"column":1}},"line":9},"1":{"name":"(anonymous_1)","decl":{"start":{"line":47,"column":29},"end":{"line":47,"column":30}},"loc":{"start":{"line":47,"column":49},"end":{"line":105,"column":1}},"line":47},"2":{"name":"getAllTasksController","decl":{"start":{"line":108,"column":15},"end":{"line":108,"column":36}},"loc":{"start":{"line":108,"column":47},"end":{"line":115,"column":1}},"line":108},"3":{"name":"getTasksByUserController","decl":{"start":{"line":117,"column":15},"end":{"line":117,"column":39}},"loc":{"start":{"line":117,"column":50},"end":{"line":133,"column":1}},"line":117},"4":{"name":"(anonymous_4)","decl":{"start":{"line":135,"column":29},"end":{"line":135,"column":30}},"loc":{"start":{"line":135,"column":49},"end":{"line":149,"column":1}},"line":135}},"branchMap":{"0":{"loc":{"start":{"line":15,"column":4},"end":{"line":17,"column":5}},"type":"if","locations":[{"start":{"line":15,"column":4},"end":{"line":17,"column":5}},{"start":{},"end":{}}],"line":15},"1":{"loc":{"start":{"line":15,"column":8},"end":{"line":15,"column":54}},"type":"binary-expr","locations":[{"start":{"line":15,"column":8},"end":{"line":15,"column":32}},{"start":{"line":15,"column":36},"end":{"line":15,"column":54}}],"line":15},"2":{"loc":{"start":{"line":19,"column":4},"end":{"line":21,"column":5}},"type":"if","locations":[{"start":{"line":19,"column":4},"end":{"line":21,"column":5}},{"start":{},"end":{}}],"line":19},"3":{"loc":{"start":{"line":19,"column":8},"end":{"line":19,"column":76}},"type":"binary-expr","locations":[{"start":{"line":19,"column":8},"end":{"line":19,"column":32}},{"start":{"line":19,"column":36},"end":{"line":19,"column":55}},{"start":{"line":19,"column":59},"end":{"line":19,"column":76}}],"line":19},"4":{"loc":{"start":{"line":24,"column":4},"end":{"line":28,"column":5}},"type":"if","locations":[{"start":{"line":24,"column":4},"end":{"line":28,"column":5}},{"start":{},"end":{}}],"line":24},"5":{"loc":{"start":{"line":30,"column":4},"end":{"line":34,"column":5}},"type":"if","locations":[{"start":{"line":30,"column":4},"end":{"line":34,"column":5}},{"start":{},"end":{}}],"line":30},"6":{"loc":{"start":{"line":30,"column":8},"end":{"line":30,"column":48}},"type":"binary-expr","locations":[{"start":{"line":30,"column":8},"end":{"line":30,"column":34}},{"start":{"line":30,"column":38},"end":{"line":30,"column":48}}],"line":30},"7":{"loc":{"start":{"line":51,"column":4},"end":{"line":55,"column":5}},"type":"if","locations":[{"start":{"line":51,"column":4},"end":{"line":55,"column":5}},{"start":{},"end":{}}],"line":51},"8":{"loc":{"start":{"line":51,"column":8},"end":{"line":51,"column":44}},"type":"binary-expr","locations":[{"start":{"line":51,"column":8},"end":{"line":51,"column":11}},{"start":{"line":51,"column":15},"end":{"line":51,"column":44}}],"line":51},"9":{"loc":{"start":{"line":58,"column":4},"end":{"line":60,"column":5}},"type":"if","locations":[{"start":{"line":58,"column":4},"end":{"line":60,"column":5}},{"start":{},"end":{}}],"line":58},"10":{"loc":{"start":{"line":58,"column":8},"end":{"line":58,"column":35}},"type":"binary-expr","locations":[{"start":{"line":58,"column":8},"end":{"line":58,"column":13}},{"start":{"line":58,"column":17},"end":{"line":58,"column":35}}],"line":58},"11":{"loc":{"start":{"line":62,"column":4},"end":{"line":66,"column":5}},"type":"if","locations":[{"start":{"line":62,"column":4},"end":{"line":66,"column":5}},{"start":{},"end":{}}],"line":62},"12":{"loc":{"start":{"line":62,"column":8},"end":{"line":62,"column":68}},"type":"binary-expr","locations":[{"start":{"line":62,"column":8},"end":{"line":62,"column":33}},{"start":{"line":62,"column":37},"end":{"line":62,"column":68}}],"line":62},"13":{"loc":{"start":{"line":68,"column":4},"end":{"line":70,"column":5}},"type":"if","locations":[{"start":{"line":68,"column":4},"end":{"line":70,"column":5}},{"start":{},"end":{}}],"line":68},"14":{"loc":{"start":{"line":73,"column":4},"end":{"line":77,"column":5}},"type":"if","locations":[{"start":{"line":73,"column":4},"end":{"line":77,"column":5}},{"start":{},"end":{}}],"line":73},"15":{"loc":{"start":{"line":79,"column":4},"end":{"line":83,"column":5}},"type":"if","locations":[{"start":{"line":79,"column":4},"end":{"line":83,"column":5}},{"start":{},"end":{}}],"line":79},"16":{"loc":{"start":{"line":79,"column":8},"end":{"line":79,"column":57}},"type":"binary-expr","locations":[{"start":{"line":79,"column":8},"end":{"line":79,"column":28}},{"start":{"line":79,"column":32},"end":{"line":79,"column":57}}],"line":79},"17":{"loc":{"start":{"line":85,"column":4},"end":{"line":89,"column":5}},"type":"if","locations":[{"start":{"line":85,"column":4},"end":{"line":89,"column":5}},{"start":{},"end":{}}],"line":85},"18":{"loc":{"start":{"line":85,"column":8},"end":{"line":85,"column":59}},"type":"binary-expr","locations":[{"start":{"line":85,"column":8},"end":{"line":85,"column":29}},{"start":{"line":85,"column":33},"end":{"line":85,"column":59}}],"line":85},"19":{"loc":{"start":{"line":102,"column":23},"end":{"line":102,"column":46}},"type":"binary-expr","locations":[{"start":{"line":102,"column":23},"end":{"line":102,"column":39}},{"start":{"line":102,"column":43},"end":{"line":102,"column":46}}],"line":102},"20":{"loc":{"start":{"line":120,"column":2},"end":{"line":124,"column":3}},"type":"if","locations":[{"start":{"line":120,"column":2},"end":{"line":124,"column":3}},{"start":{},"end":{}}],"line":120},"21":{"loc":{"start":{"line":120,"column":6},"end":{"line":120,"column":38}},"type":"binary-expr","locations":[{"start":{"line":120,"column":6},"end":{"line":120,"column":13}},{"start":{"line":120,"column":17},"end":{"line":120,"column":38}}],"line":120},"22":{"loc":{"start":{"line":138,"column":4},"end":{"line":140,"column":5}},"type":"if","locations":[{"start":{"line":138,"column":4},"end":{"line":140,"column":5}},{"start":{},"end":{}}],"line":138},"23":{"loc":{"start":{"line":138,"column":8},"end":{"line":138,"column":44}},"type":"binary-expr","locations":[{"start":{"line":138,"column":8},"end":{"line":138,"column":11}},{"start":{"line":138,"column":15},"end":{"line":138,"column":44}}],"line":138},"24":{"loc":{"start":{"line":142,"column":4},"end":{"line":144,"column":5}},"type":"if","locations":[{"start":{"line":142,"column":4},"end":{"line":144,"column":5}},{"start":{},"end":{}}],"line":142}},"s":{"0":7,"1":7,"2":7,"3":2,"4":5,"5":1,"6":4,"7":4,"8":1,"9":3,"10":2,"11":1,"12":1,"13":6,"14":1,"15":0,"16":0,"17":0,"18":0,"19":0,"20":0,"21":0,"22":0,"23":0,"24":0,"25":0,"26":0,"27":0,"28":0,"29":0,"30":0,"31":0,"32":0,"33":0,"34":0,"35":0,"36":0,"37":0,"38":0,"39":0,"40":0,"41":0,"42":0,"43":0,"44":0,"45":0,"46":0,"47":0,"48":1,"49":0,"50":0,"51":0,"52":0,"53":0,"54":0,"55":0,"56":0,"57":0},"f":{"0":7,"1":0,"2":0,"3":0,"4":0},"b":{"0":[2,5],"1":[7,6],"2":[1,4],"3":[5,4,4],"4":[1,3],"5":[2,1],"6":[3,2],"7":[0,0],"8":[0,0],"9":[0,0],"10":[0,0],"11":[0,0],"12":[0,0],"13":[0,0],"14":[0,0],"15":[0,0],"16":[0,0],"17":[0,0],"18":[0,0],"19":[0,0],"20":[0,0],"21":[0,0],"22":[0,0],"23":[0,0],"24":[0,0]},"inputSourceMap":null,"_coverageSchema":"1a1c01bbd47fc00a2c39e90264f33305004495a9","hash":"21c6dfee2319a93bdf729b739d239f0bb8f7dfce"}
}
