TN:
SF:src\controllers\tasksControllers.js
FN:9,createTaskController
FN:47,(anonymous_1)
FN:108,getAllTasksController
FN:117,getTasksByUserController
FN:135,(anonymous_4)
FNF:5
FNH:1
FNDA:7,createTaskController
FNDA:0,(anonymous_1)
FNDA:0,getAllTasksController
FNDA:0,getTasksByUserController
FNDA:0,(anonymous_4)
DA:10,7
DA:11,7
DA:15,7
DA:16,2
DA:19,5
DA:20,1
DA:23,4
DA:24,4
DA:25,1
DA:30,3
DA:31,2
DA:35,1
DA:41,1
DA:43,6
DA:47,1
DA:48,0
DA:49,0
DA:51,0
DA:52,0
DA:56,0
DA:58,0
DA:59,0
DA:62,0
DA:63,0
DA:68,0
DA:69,0
DA:72,0
DA:73,0
DA:74,0
DA:79,0
DA:80,0
DA:85,0
DA:86,0
DA:91,0
DA:99,0
DA:102,0
DA:103,0
DA:109,0
DA:110,0
DA:111,0
DA:113,0
DA:118,0
DA:120,0
DA:121,0
DA:125,0
DA:126,0
DA:127,0
DA:129,0
DA:135,1
DA:136,0
DA:137,0
DA:138,0
DA:139,0
DA:141,0
DA:142,0
DA:143,0
DA:145,0
DA:147,0
LF:58
LH:16
BRDA:15,0,0,2
BRDA:15,0,1,5
BRDA:15,1,0,7
BRDA:15,1,1,6
BRDA:19,2,0,1
BRDA:19,2,1,4
BRDA:19,3,0,5
BRDA:19,3,1,4
BRDA:19,3,2,4
BRDA:24,4,0,1
BRDA:24,4,1,3
BRDA:30,5,0,2
BRDA:30,5,1,1
BRDA:30,6,0,3
BRDA:30,6,1,2
BRDA:51,7,0,0
BRDA:51,7,1,0
BRDA:51,8,0,0
BRDA:51,8,1,0
BRDA:58,9,0,0
BRDA:58,9,1,0
BRDA:58,10,0,0
BRDA:58,10,1,0
BRDA:62,11,0,0
BRDA:62,11,1,0
BRDA:62,12,0,0
BRDA:62,12,1,0
BRDA:68,13,0,0
BRDA:68,13,1,0
BRDA:73,14,0,0
BRDA:73,14,1,0
BRDA:79,15,0,0
BRDA:79,15,1,0
BRDA:79,16,0,0
BRDA:79,16,1,0
BRDA:85,17,0,0
BRDA:85,17,1,0
BRDA:85,18,0,0
BRDA:85,18,1,0
BRDA:102,19,0,0
BRDA:102,19,1,0
BRDA:120,20,0,0
BRDA:120,20,1,0
BRDA:120,21,0,0
BRDA:120,21,1,0
BRDA:138,22,0,0
BRDA:138,22,1,0
BRDA:138,23,0,0
BRDA:138,23,1,0
BRDA:142,24,0,0
BRDA:142,24,1,0
BRF:51
BRH:15
end_of_record
